Using pre-set license
Built from '2020.3/staging' branch; Version is '2020.3.46f1 (18bc01a066b4) revision 1620993'; Using compiler version '192528614'; Build Type 'Release'
OS: 'Windows 10  (10.0.19044) 64bit Professional' Language: 'es' Physical Memory: 16269 MB
BatchMode: 1, IsHumanControllingUs: 0, StartBugReporterOnCrash: 0, Is64bit: 1, IsPro: 0

COMMAND LINE ARGUMENTS:
C:\Program Files\Unity\Hub\Editor\2020.3.46f1\Editor\Unity.exe
-adb2
-batchMode
-noUpm
-name
AssetImportWorker0
-projectPath
C:/Users/Usuario/Documents/GitHub/Mulholand-Drive/WhoAmI
-logFile
Logs/AssetImportWorker0.log
-srvPort
56695
Successfully changed project path to: C:/Users/Usuario/Documents/GitHub/Mulholand-Drive/WhoAmI
C:/Users/Usuario/Documents/GitHub/Mulholand-Drive/WhoAmI
Using Asset Import Pipeline V2.
Player connection [7876] Host "[IP] 192.168.1.135 [Port] 3489878496 [Flags] 2 [Guid] 1321236663 [EditorId] 1321236663 [Version] 1048832 [Id] WindowsEditor(7,ivan) [Debug] 1 [PackageName] WindowsEditor [ProjectName] Editor" joined multi-casting on [225.0.0.222:54997]...

Player connection [7876] Host "[IP] 192.168.1.135 [Port] 3489878496 [Flags] 2 [Guid] 1321236663 [EditorId] 1321236663 [Version] 1048832 [Id] WindowsEditor(7,ivan) [Debug] 1 [PackageName] WindowsEditor [ProjectName] Editor" joined alternative multi-casting on [225.0.0.222:34997]...

Refreshing native plugins compatible for Editor in 34.12 ms, found 2 plugins.
Preloading 0 native plugins for Editor in 0.00 ms.
Initialize engine version: 2020.3.46f1 (18bc01a066b4)
[Subsystems] Discovering subsystems at path C:/Program Files/Unity/Hub/Editor/2020.3.46f1/Editor/Data/Resources/UnitySubsystems
[Subsystems] Discovering subsystems at path C:/Users/Usuario/Documents/GitHub/Mulholand-Drive/WhoAmI/Assets
GfxDevice: creating device client; threaded=0
Direct3D:
    Version:  Direct3D 11.0 [level 11.1]
    Renderer: NVIDIA GeForce GTX 1660 Ti (ID=0x2182)
    Vendor:   
    VRAM:     5979 MB
    Driver:   31.0.15.3713
Initialize mono
Mono path[0] = 'C:/Program Files/Unity/Hub/Editor/2020.3.46f1/Editor/Data/Managed'
Mono path[1] = 'C:/Program Files/Unity/Hub/Editor/2020.3.46f1/Editor/Data/MonoBleedingEdge/lib/mono/unityjit'
Mono config path = 'C:/Program Files/Unity/Hub/Editor/2020.3.46f1/Editor/Data/MonoBleedingEdge/etc'
Using monoOptions --debugger-agent=transport=dt_socket,embedding=1,server=y,suspend=n,address=127.0.0.1:56208
Begin MonoManager ReloadAssembly
Registering precompiled unity dll's ...
Register platform support module: C:/Program Files/Unity/Hub/Editor/2020.3.46f1/Editor/Data/PlaybackEngines/WindowsStandaloneSupport/UnityEditor.WindowsStandalone.Extensions.dll
Registered in 0.003983 seconds.
Native extension for WindowsStandalone target not found
Refreshing native plugins compatible for Editor in 32.16 ms, found 2 plugins.
Preloading 0 native plugins for Editor in 0.00 ms.
Mono: successfully reloaded assembly
- Completed reload, in  0.680 seconds
Domain Reload Profiling:
	ReloadAssembly (680ms)
		BeginReloadAssembly (92ms)
			ExecutionOrderSort (0ms)
			DisableScriptedObjects (0ms)
			BackupInstance (0ms)
			ReleaseScriptingObjects (0ms)
			CreateAndSetChildDomain (1ms)
		EndReloadAssembly (499ms)
			LoadAssemblies (87ms)
			RebuildTransferFunctionScriptingTraits (0ms)
			SetupTypeCache (177ms)
			ReleaseScriptCaches (0ms)
			RebuildScriptCaches (34ms)
			SetupLoadedEditorAssemblies (172ms)
				LogAssemblyErrors (0ms)
				InitializePlatformSupportModulesInManaged (5ms)
				SetLoadedEditorAssemblies (0ms)
				RefreshPlugins (32ms)
				BeforeProcessingInitializeOnLoad (8ms)
				ProcessInitializeOnLoadAttributes (94ms)
				ProcessInitializeOnLoadMethodAttributes (31ms)
				AfterProcessingInitializeOnLoad (0ms)
				EditorAssembliesLoaded (0ms)
			ExecutionOrderSort2 (0ms)
			AwakeInstancesAfterBackupRestoration (0ms)
Platform modules already initialized, skipping
Registering precompiled user dll's ...
Registered in 0.005365 seconds.
Begin MonoManager ReloadAssembly
Native extension for WindowsStandalone target not found
Refreshing native plugins compatible for Editor in 0.34 ms, found 2 plugins.
Preloading 0 native plugins for Editor in 0.00 ms.
Mono: successfully reloaded assembly
- Completed reload, in  1.345 seconds
Domain Reload Profiling:
	ReloadAssembly (1346ms)
		BeginReloadAssembly (180ms)
			ExecutionOrderSort (0ms)
			DisableScriptedObjects (5ms)
			BackupInstance (0ms)
			ReleaseScriptingObjects (0ms)
			CreateAndSetChildDomain (20ms)
		EndReloadAssembly (1091ms)
			LoadAssemblies (119ms)
			RebuildTransferFunctionScriptingTraits (0ms)
			SetupTypeCache (287ms)
			ReleaseScriptCaches (0ms)
			RebuildScriptCaches (52ms)
			SetupLoadedEditorAssemblies (559ms)
				LogAssemblyErrors (0ms)
				InitializePlatformSupportModulesInManaged (5ms)
				SetLoadedEditorAssemblies (1ms)
				RefreshPlugins (0ms)
				BeforeProcessingInitializeOnLoad (66ms)
				ProcessInitializeOnLoadAttributes (462ms)
				ProcessInitializeOnLoadMethodAttributes (10ms)
				AfterProcessingInitializeOnLoad (14ms)
				EditorAssembliesLoaded (0ms)
			ExecutionOrderSort2 (0ms)
			AwakeInstancesAfterBackupRestoration (3ms)
Platform modules already initialized, skipping
========================================================================
Worker process is ready to serve import requests
Launched and connected shader compiler UnityShaderCompiler.exe after 0.07 seconds
Refreshing native plugins compatible for Editor in 0.30 ms, found 2 plugins.
Preloading 0 native plugins for Editor in 0.00 ms.
Unloading 1317 Unused Serialized files (Serialized files now loaded: 0)
System memory in use before: 63.4 MB.
System memory in use after: 63.5 MB.

Unloading 16 unused Assets to reduce memory usage. Loaded Objects now: 1754.
Total: 3.144900 ms (FindLiveObjects: 0.106200 ms CreateObjectMapping: 0.039700 ms MarkObjects: 2.900500 ms  DeleteObjects: 0.097900 ms)

AssetImportParameters requested are different than current active one (requested -> active):
  custom:framework-win-MediaFoundation: 216162199b28c13a410421893ffa2e32 -> 
  custom:video-decoder-ogg-theora: a1e56fd34408186e4bbccfd4996cb3dc -> 
  custom:container-muxer-webm: aa71ff27fc2769a1b78a27578f13a17b -> 
  custom:container-demuxer-webm: 4f35f7cbe854078d1ac9338744f61a02 -> 
  custom:container-demuxer-ogg: 62fdf1f143b41e24485cea50d1cbac27 -> 
  custom:video-encoder-webm-vp8: eb34c28f22e8b96e1ab97ce403110664 -> 
  custom:video-decoder-webm-vp8: 9c59270c3fd7afecdb556c50c9e8de78 -> 
  custom:audio-decoder-ogg-vorbis: bf7c407c2cedff20999df2af8eb42d56 -> 
  custom:audio-encoder-webm-vorbis: bf7c407c2cedff20999df2af8eb42d56 -> 
========================================================================
Received Import Request.
  path: Assets/Resources/Prefabs/Casa/Suelo/3x3Suelo.prefab
  artifactKey: Guid(c3f7dbda5c20dba41bf46d91ebb7412e) Importer(815301076,1909f56bfc062723c751e8b465ee728b)
Start importing Assets/Resources/Prefabs/Casa/Suelo/3x3Suelo.prefab using Guid(c3f7dbda5c20dba41bf46d91ebb7412e) Importer(815301076,1909f56bfc062723c751e8b465ee728b)  -> (artifact id: '75441b475d87f32c770e754a41fe98f6') in 0.081342 seconds 
========================================================================
Received Import Request.
  Time since last request: 0.000344 seconds.
  path: Assets/Resources/Prefabs/Casa/Techo/Techo2x2.prefab
  artifactKey: Guid(c7d74759760b0f3439a3144b8c134ca6) Importer(815301076,1909f56bfc062723c751e8b465ee728b)
Start importing Assets/Resources/Prefabs/Casa/Techo/Techo2x2.prefab using Guid(c7d74759760b0f3439a3144b8c134ca6) Importer(815301076,1909f56bfc062723c751e8b465ee728b)  -> (artifact id: '6c6c4427db868bc651266be75cbac7aa') in 0.010071 seconds 
========================================================================
Received Import Request.
  Time since last request: 0.000399 seconds.
  path: Assets/Resources/Prefabs/Casa/Suelo/2x2Suelo.prefab
  artifactKey: Guid(57ffdab3823ab1d45a82aa45f937612d) Importer(815301076,1909f56bfc062723c751e8b465ee728b)
Start importing Assets/Resources/Prefabs/Casa/Suelo/2x2Suelo.prefab using Guid(57ffdab3823ab1d45a82aa45f937612d) Importer(815301076,1909f56bfc062723c751e8b465ee728b)  -> (artifact id: '1d6b911ab284caf5fa0276357024458b') in 0.009550 seconds 
========================================================================
Received Import Request.
  Time since last request: 0.000338 seconds.
  path: Assets/Resources/Prefabs/Casa/Suelo/Floor2.prefab
  artifactKey: Guid(91c25e247da598b479226cf0c4f02724) Importer(815301076,1909f56bfc062723c751e8b465ee728b)
Start importing Assets/Resources/Prefabs/Casa/Suelo/Floor2.prefab using Guid(91c25e247da598b479226cf0c4f02724) Importer(815301076,1909f56bfc062723c751e8b465ee728b)  -> (artifact id: '334f7a2339d800f0c4909b5efed9c46b') in 0.008000 seconds 
========================================================================
Received Import Request.
  Time since last request: 0.000365 seconds.
  path: Assets/Resources/Prefabs/Casa/Techo/Techo3x3.prefab
  artifactKey: Guid(09240030c5262d643b67f50d2479fe24) Importer(815301076,1909f56bfc062723c751e8b465ee728b)
Start importing Assets/Resources/Prefabs/Casa/Techo/Techo3x3.prefab using Guid(09240030c5262d643b67f50d2479fe24) Importer(815301076,1909f56bfc062723c751e8b465ee728b)  -> (artifact id: '7620e5906bc68d897ca76f6844d5c618') in 0.008084 seconds 
========================================================================
Received Import Request.
  Time since last request: 5.506245 seconds.
  path: Assets/Resources/Prefabs/Casa/Suelo/Partes/Interior_Floor.prefab
  artifactKey: Guid(b4e54840a4847744397ceac19776f604) Importer(815301076,1909f56bfc062723c751e8b465ee728b)
Start importing Assets/Resources/Prefabs/Casa/Suelo/Partes/Interior_Floor.prefab using Guid(b4e54840a4847744397ceac19776f604) Importer(815301076,1909f56bfc062723c751e8b465ee728b)  -> (artifact id: 'a23b4e30be60bdae126f0deaa856eb95') in 0.005801 seconds 
========================================================================
Received Import Request.
  Time since last request: 0.000367 seconds.
  path: Assets/Resources/Prefabs/Casa/Suelo/Partes/Interior_Floor_Up.prefab
  artifactKey: Guid(8c989c3b27a3d0b4fabf3b9a9ed066c3) Importer(815301076,1909f56bfc062723c751e8b465ee728b)
Start importing Assets/Resources/Prefabs/Casa/Suelo/Partes/Interior_Floor_Up.prefab using Guid(8c989c3b27a3d0b4fabf3b9a9ed066c3) Importer(815301076,1909f56bfc062723c751e8b465ee728b)  -> (artifact id: '02371edf667bf3b100d53dab4d081682') in 0.007483 seconds 
========================================================================
Received Import Request.
  Time since last request: 54.466324 seconds.
  path: Assets/Resources/Prefabs/Casa
  artifactKey: Guid(087ba1c3c0604154893c8dee2a7095c9) Importer(815301076,1909f56bfc062723c751e8b465ee728b)
Start importing Assets/Resources/Prefabs/Casa using Guid(087ba1c3c0604154893c8dee2a7095c9) Importer(815301076,1909f56bfc062723c751e8b465ee728b)  -> (artifact id: 'b9a51dbe706ee26777f50c5a8bb79d0e') in 0.004871 seconds 
========================================================================
Received Import Request.
  Time since last request: 0.974686 seconds.
  path: Assets/Resources/Prefabs/Casa/Suelo
  artifactKey: Guid(5434d4b10c983734ca3448ad2f04589e) Importer(815301076,1909f56bfc062723c751e8b465ee728b)
Start importing Assets/Resources/Prefabs/Casa/Suelo using Guid(5434d4b10c983734ca3448ad2f04589e) Importer(815301076,1909f56bfc062723c751e8b465ee728b)  -> (artifact id: '1e53b273cb509940f79fedead7c04195') in 0.005019 seconds 
========================================================================
Received Import Request.
  Time since last request: 0.042097 seconds.
  path: Assets/Resources/Prefabs/Casa/Suelo/Floor2.prefab
  artifactKey: Guid(91c25e247da598b479226cf0c4f02724) Importer(815301076,1909f56bfc062723c751e8b465ee728b)
Start importing Assets/Resources/Prefabs/Casa/Suelo/Floor2.prefab using Guid(91c25e247da598b479226cf0c4f02724) Importer(815301076,1909f56bfc062723c751e8b465ee728b)  -> (artifact id: '462b55e009c5a4644f8f6760f02717b9') in 0.004989 seconds 
AssetImportWorkerClient::OnTransportError - code=2 error=End of file
